Log file name set to y4F4.log

ID'd lines file selected: FeII.GN

Upper level: a3F4p_y4F4*
Lifetime of upper level: 3.32 ns

Identified transitions from upper level a3F4p_y4F4*:
-------------------------------------------------------------------
| Intensity | Wavenumber | L Conf       | U Conf        | Notes   |
-------------------------------------------------------------------
| G    38   |  30674.929 |    3D4s_b4D3 |  a3F4p_y4F4*  |         |
| G   0d?   |  31393.700 |    3G4s_b2G3 |  a3F4p_y4F4*  |         |
| G     8   |  31769.570 |    3G4s_b2G4 |  a3F4p_y4F4*  |         |
| G     9   |  34843.270 |   a3F4s_a2F3 |  a3F4p_y4F4*  |         |
| G     5   |  35805.370 |    3H4s_b2H4 |  a3F4p_y4F4*  |         |
| F    11   |  35987.947 |    3H4s_b2H5 |  a3F4p_y4F4*  | D -0.0234    |
| G     0   |  36176.520 |    3G4s_a4G3 |  a3F4p_y4F4*  |         |
| F     7   |  36352.809 |    3G4s_a4G4 |  a3F4p_y4F4*  |         |
| F    11   |  36729.329 |    3G4s_a4G5 |  a3F4p_y4F4*  |         |
| F   109   |  39347.780 |   a3F4s_b4F3 |  a3F4p_y4F4*  |         |
| F   656   |  39520.917 |   a3F4s_b4F4 |  a3F4p_y4F4*  |         |
| F     5   |  40446.208 |    3H4s_a4H3 |  a3F4p_y4F4*  |         |
| F    25   |  40727.720 |    3H4s_a4H5 |  a3F4p_y4F4*  |         |
| G   0d?   |  45788.640 |     3d7_a2G3 |  a3F4p_y4F4*  |         |
| F     4   |  46313.474 |     3d7_a2G4 |  a3F4p_y4F4*  |         |
| N  1423   |  54202.830 |    5D4s_a4D3 |  a3F4p_y4F4*  |         |
| F     8   |  59727.976 |     3d7_a4F3 |  a3F4p_y4F4*  |         |
| F    16   |  60285.533 |     3d7_a4F4 |  a3F4p_y4F4*  |         |
-------------------------------------------------------------------

SNRs and intensities of observed transitions from upper level a3F4p_y4F4*:
---------------------------------------------------------------------------------------------------------------------------------------------------------------------------
| File Name:              |  Fe011720c.003  |  Fe031320c.003  |  Fe041322c.4-5  |  Fe042122c.008  |  Fe112519c.012  |  Fe031320a.003  |  Fe112519c.007  |  Fe042222c.001  | 
---------------------------------------------------------------------------------------------------------------------------------------------------------------------------
| Wavenumber | L Level    | SNR | Intensity | SNR | Intensity | SNR | Intensity | SNR | Intensity | SNR | Intensity | SNR | Intensity | SNR | Intensity | SNR | Intensity | 
---------------------------------------------------------------------------------------------------------------------------------------------------------------------------
|  60285.533 |   3d7_a4F4 |   6 |     33409 | --- | --------- | --- | --------- | --- | --------- |  18 |      4805 | --- | --------- |  11 |      2804 | --- | --------- | 
|  59727.976 |   3d7_a4F3 | --- | --------- | --- | --------- | --- | --------- | --- | --------- |  11 |      2596 | --- | --------- |   7 |      1630 | --- | --------- | 
|  46313.474 |   3d7_a2G4 |  77 |     28754 | --- | --------- | --- | --------- | --- | --------- | --- | --------- | --- | --------- | --- | --------- | --- | --------- | 
|  40727.720 |  3H4s_a4H5 |  92 |     43896 |  74 |     18420 | --- | --------- | --- | --------- |  26 |     11290 |  75 |     18710 |  15 |      6130 | --- | --------- | 
|  39520.917 | a3F4s_b4F4 | 141 |    400406 | 100 |    173200 | 103 |     47870 | 129 |    203428 | 100 |     60090 | 482 |    173400 | 100 |     36550 | 141 |    333066 | 
|  39347.780 | a3F4s_b4F3 | 141 |    124934 | 100 |     93490 | --- | --------- | --- | --------- |  90 |     33420 | --- | --------- | 100 |     31810 | --- | --------- | 
|  36729.329 |  3G4s_a4G5 |  16 |      4561 | --- | --------- | --- | --------- | --- | --------- | --- | --------- | --- | --------- | --- | --------- | --- | --------- | 
|  36352.809 |  3G4s_a4G4 |   7 |      2104 | --- | --------- | --- | --------- | --- | --------- | --- | --------- | --- | --------- | --- | --------- | --- | --------- | 
|  35987.947 |  3H4s_b2H5 |   8 |      4978 | --- | --------- | --- | --------- | --- | --------- |   5 |      1369 | --- | --------- | --- | --------- | --- | --------- | 
|  30674.929 |  3D4s_b4D3 | --- | --------- | --- | --------- | --- | --------- | --- | --------- |  12 |      2346 | --- | --------- | --- | --------- | --- | --------- | 
---------------------------------------------------------------------------------------------------------------------------------------------------------------------------

Normalizing each spectrum with respect to level a3F4s_b4F4 = 1000.

SNRs and intensities of observed transitions from upper level a3F4p_y4F4*:
---------------------------------------------------------------------------------------------------------------------------------------------------------------------------
| File Name:              |  Fe011720c.003  |  Fe031320c.003  |  Fe041322c.4-5  |  Fe042122c.008  |  Fe112519c.012  |  Fe031320a.003  |  Fe112519c.007  |  Fe042222c.001  | 
---------------------------------------------------------------------------------------------------------------------------------------------------------------------------
| Wavenumber | L Level    | SNR | Intensity | SNR | Intensity | SNR | Intensity | SNR | Intensity | SNR | Intensity | SNR | Intensity | SNR | Intensity | SNR | Intensity | 
---------------------------------------------------------------------------------------------------------------------------------------------------------------------------
|  60285.533 |   3d7_a4F4 |   6 |        83 | --- | --------- | --- | --------- | --- | --------- |  18 |        80 | --- | --------- |  11 |        77 | --- | --------- | 
|  59727.976 |   3d7_a4F3 | --- | --------- | --- | --------- | --- | --------- | --- | --------- |  11 |        43 | --- | --------- |   7 |        45 | --- | --------- | 
|  46313.474 |   3d7_a2G4 |  77 |        72 | --- | --------- | --- | --------- | --- | --------- | --- | --------- | --- | --------- | --- | --------- | --- | --------- | 
|  40727.720 |  3H4s_a4H5 |  92 |       110 |  74 |       106 | --- | --------- | --- | --------- |  26 |       188 |  75 |       108 |  15 |       168 | --- | --------- | 
|  39520.917 | a3F4s_b4F4 | 141 |      1000 | 100 |      1000 | 103 |      1000 | 129 |      1000 | 100 |      1000 | 482 |      1000 | 100 |      1000 | 141 |      1000 | 
|  39347.780 | a3F4s_b4F3 | 141 |       312 | 100 |       540 | --- | --------- | --- | --------- |  90 |       556 | --- | --------- | 100 |       870 | --- | --------- | 
|  36729.329 |  3G4s_a4G5 |  16 |        11 | --- | --------- | --- | --------- | --- | --------- | --- | --------- | --- | --------- | --- | --------- | --- | --------- | 
|  36352.809 |  3G4s_a4G4 |   7 |         5 | --- | --------- | --- | --------- | --- | --------- | --- | --------- | --- | --------- | --- | --------- | --- | --------- | 
|  35987.947 |  3H4s_b2H5 |   8 |        12 | --- | --------- | --- | --------- | --- | --------- |   5 |        23 | --- | --------- | --- | --------- | --- | --------- | 
|  30674.929 |  3D4s_b4D3 | --- | --------- | --- | --------- | --- | --------- | --- | --------- |  12 |        39 | --- | --------- | --- | --------- | --- | --------- | 
---------------------------------------------------------------------------------------------------------------------------------------------------------------------------

Deleting value from file Fe041322c.4-5.II
Fe041322c.4-5.II, a3F4s_b4F4 deleted from list
SNRs and intensities of observed transitions from upper level a3F4p_y4F4*:
---------------------------------------------------------------------------------------------------------------------------------------------------------------------------
| File Name:              |  Fe011720c.003  |  Fe031320c.003  |  Fe041322c.4-5  |  Fe042122c.008  |  Fe112519c.012  |  Fe031320a.003  |  Fe112519c.007  |  Fe042222c.001  | 
---------------------------------------------------------------------------------------------------------------------------------------------------------------------------
| Wavenumber | L Level    | SNR | Intensity | SNR | Intensity | SNR | Intensity | SNR | Intensity | SNR | Intensity | SNR | Intensity | SNR | Intensity | SNR | Intensity | 
---------------------------------------------------------------------------------------------------------------------------------------------------------------------------
|  60285.533 |   3d7_a4F4 |   6 |        83 | --- | --------- | --- | --------- | --- | --------- |  18 |        80 | --- | --------- |  11 |        77 | --- | --------- | 
|  59727.976 |   3d7_a4F3 | --- | --------- | --- | --------- | --- | --------- | --- | --------- |  11 |        43 | --- | --------- |   7 |        45 | --- | --------- | 
|  46313.474 |   3d7_a2G4 |  77 |        72 | --- | --------- | --- | --------- | --- | --------- | --- | --------- | --- | --------- | --- | --------- | --- | --------- | 
|  40727.720 |  3H4s_a4H5 |  92 |       110 |  74 |       106 | --- | --------- | --- | --------- |  26 |       188 |  75 |       108 |  15 |       168 | --- | --------- | 
|  39520.917 | a3F4s_b4F4 | 141 |      1000 | 100 |      1000 | --- | --------- | 129 |      1000 | 100 |      1000 | 482 |      1000 | 100 |      1000 | 141 |      1000 | 
|  39347.780 | a3F4s_b4F3 | 141 |       312 | 100 |       540 | --- | --------- | --- | --------- |  90 |       556 | --- | --------- | 100 |       870 | --- | --------- | 
|  36729.329 |  3G4s_a4G5 |  16 |        11 | --- | --------- | --- | --------- | --- | --------- | --- | --------- | --- | --------- | --- | --------- | --- | --------- | 
|  36352.809 |  3G4s_a4G4 |   7 |         5 | --- | --------- | --- | --------- | --- | --------- | --- | --------- | --- | --------- | --- | --------- | --- | --------- | 
|  35987.947 |  3H4s_b2H5 |   8 |        12 | --- | --------- | --- | --------- | --- | --------- |   5 |        23 | --- | --------- | --- | --------- | --- | --------- | 
|  30674.929 |  3D4s_b4D3 | --- | --------- | --- | --------- | --- | --------- | --- | --------- |  12 |        39 | --- | --------- | --- | --------- | --- | --------- | 
---------------------------------------------------------------------------------------------------------------------------------------------------------------------------

Deleting value from file Fe042122c.008.II
Fe042122c.008.II, a3F4s_b4F4 deleted from list
SNRs and intensities of observed transitions from upper level a3F4p_y4F4*:
---------------------------------------------------------------------------------------------------------------------------------------------------------------------------
| File Name:              |  Fe011720c.003  |  Fe031320c.003  |  Fe041322c.4-5  |  Fe042122c.008  |  Fe112519c.012  |  Fe031320a.003  |  Fe112519c.007  |  Fe042222c.001  | 
---------------------------------------------------------------------------------------------------------------------------------------------------------------------------
| Wavenumber | L Level    | SNR | Intensity | SNR | Intensity | SNR | Intensity | SNR | Intensity | SNR | Intensity | SNR | Intensity | SNR | Intensity | SNR | Intensity | 
---------------------------------------------------------------------------------------------------------------------------------------------------------------------------
|  60285.533 |   3d7_a4F4 |   6 |        83 | --- | --------- | --- | --------- | --- | --------- |  18 |        80 | --- | --------- |  11 |        77 | --- | --------- | 
|  59727.976 |   3d7_a4F3 | --- | --------- | --- | --------- | --- | --------- | --- | --------- |  11 |        43 | --- | --------- |   7 |        45 | --- | --------- | 
|  46313.474 |   3d7_a2G4 |  77 |        72 | --- | --------- | --- | --------- | --- | --------- | --- | --------- | --- | --------- | --- | --------- | --- | --------- | 
|  40727.720 |  3H4s_a4H5 |  92 |       110 |  74 |       106 | --- | --------- | --- | --------- |  26 |       188 |  75 |       108 |  15 |       168 | --- | --------- | 
|  39520.917 | a3F4s_b4F4 | 141 |      1000 | 100 |      1000 | --- | --------- | --- | --------- | 100 |      1000 | 482 |      1000 | 100 |      1000 | 141 |      1000 | 
|  39347.780 | a3F4s_b4F3 | 141 |       312 | 100 |       540 | --- | --------- | --- | --------- |  90 |       556 | --- | --------- | 100 |       870 | --- | --------- | 
|  36729.329 |  3G4s_a4G5 |  16 |        11 | --- | --------- | --- | --------- | --- | --------- | --- | --------- | --- | --------- | --- | --------- | --- | --------- | 
|  36352.809 |  3G4s_a4G4 |   7 |         5 | --- | --------- | --- | --------- | --- | --------- | --- | --------- | --- | --------- | --- | --------- | --- | --------- | 
|  35987.947 |  3H4s_b2H5 |   8 |        12 | --- | --------- | --- | --------- | --- | --------- |   5 |        23 | --- | --------- | --- | --------- | --- | --------- | 
|  30674.929 |  3D4s_b4D3 | --- | --------- | --- | --------- | --- | --------- | --- | --------- |  12 |        39 | --- | --------- | --- | --------- | --- | --------- | 
---------------------------------------------------------------------------------------------------------------------------------------------------------------------------

Deleting value from file Fe042222c.001.II
Fe042222c.001.II, a3F4s_b4F4 deleted from list
SNRs and intensities of observed transitions from upper level a3F4p_y4F4*:
---------------------------------------------------------------------------------------------------------------------------------------------------------------------------
| File Name:              |  Fe011720c.003  |  Fe031320c.003  |  Fe041322c.4-5  |  Fe042122c.008  |  Fe112519c.012  |  Fe031320a.003  |  Fe112519c.007  |  Fe042222c.001  | 
---------------------------------------------------------------------------------------------------------------------------------------------------------------------------
| Wavenumber | L Level    | SNR | Intensity | SNR | Intensity | SNR | Intensity | SNR | Intensity | SNR | Intensity | SNR | Intensity | SNR | Intensity | SNR | Intensity | 
---------------------------------------------------------------------------------------------------------------------------------------------------------------------------
|  60285.533 |   3d7_a4F4 |   6 |        83 | --- | --------- | --- | --------- | --- | --------- |  18 |        80 | --- | --------- |  11 |        77 | --- | --------- | 
|  59727.976 |   3d7_a4F3 | --- | --------- | --- | --------- | --- | --------- | --- | --------- |  11 |        43 | --- | --------- |   7 |        45 | --- | --------- | 
|  46313.474 |   3d7_a2G4 |  77 |        72 | --- | --------- | --- | --------- | --- | --------- | --- | --------- | --- | --------- | --- | --------- | --- | --------- | 
|  40727.720 |  3H4s_a4H5 |  92 |       110 |  74 |       106 | --- | --------- | --- | --------- |  26 |       188 |  75 |       108 |  15 |       168 | --- | --------- | 
|  39520.917 | a3F4s_b4F4 | 141 |      1000 | 100 |      1000 | --- | --------- | --- | --------- | 100 |      1000 | 482 |      1000 | 100 |      1000 | --- | --------- | 
|  39347.780 | a3F4s_b4F3 | 141 |       312 | 100 |       540 | --- | --------- | --- | --------- |  90 |       556 | --- | --------- | 100 |       870 | --- | --------- | 
|  36729.329 |  3G4s_a4G5 |  16 |        11 | --- | --------- | --- | --------- | --- | --------- | --- | --------- | --- | --------- | --- | --------- | --- | --------- | 
|  36352.809 |  3G4s_a4G4 |   7 |         5 | --- | --------- | --- | --------- | --- | --------- | --- | --------- | --- | --------- | --- | --------- | --- | --------- | 
|  35987.947 |  3H4s_b2H5 |   8 |        12 | --- | --------- | --- | --------- | --- | --------- |   5 |        23 | --- | --------- | --- | --------- | --- | --------- | 
|  30674.929 |  3D4s_b4D3 | --- | --------- | --- | --------- | --- | --------- | --- | --------- |  12 |        39 | --- | --------- | --- | --------- | --- | --------- | 
---------------------------------------------------------------------------------------------------------------------------------------------------------------------------

Residuals:
------------------------------------------------------------------------------------------------------------

Summary:
Level = a3F4p_y4F4*, Lifetime = 3.32 ns, residual =,  0.000 %
------------------------------------------------------------------------------------------------------------
| Wavenumber | L Level    | Weight | B. Fraction | Uncertainty | Trans. Prob. | Uncertainty |  Theoretical |
------------------------------------------------------------------------------------------------------------
|  60285.533 |   3d7_a4F4 |    486 |      4.030% |        4.5% |       12.140 |         11% |        0.000 |
|  59727.976 |   3d7_a4F3 |    197 |      2.214% |        7.1% |        6.670 |         12% |        0.000 |
|  46313.474 |   3d7_a2G4 |    555 |      3.650% |        4.3% |       10.994 |         11% |        0.000 |
|  40727.720 |  3H4s_a4H5 |   2493 |      6.724% |        2.2% |       20.254 |         10% |        0.000 |
|  39520.917 | a3F4s_b4F4 |   2775 |     50.826% |        1.2% |      153.089 |         10% |        0.000 |
|  39347.780 | a3F4s_b4F3 |   2220 |     28.949% |        1.8% |       87.195 |         10% |        0.000 |
|  36729.329 |  3G4s_a4G5 |    257 |      0.579% |        6.3% |        1.744 |         12% |        0.000 |
|  36352.809 |  3G4s_a4G4 |     41 |      0.267% |       15.6% |        0.804 |         19% |        0.000 |
|  35987.947 |  3H4s_b2H5 |     82 |      0.776% |       11.0% |        2.338 |         15% |        0.000 |
|  30674.929 |  3D4s_b4D3 |     98 |      1.984% |       10.0% |        5.977 |         14% |        0.000 |
------------------------------------------------------------------------------------------------------------

Residuals:
 1887.7700 |  0.0000
 7874.8900 |  0.0000
 7884.4700 |  0.0091
 7925.9200 |  0.0130
11970.3000 |  0.0015
12000.6600 |  0.0278
17243.0600 |  0.0001
28656.8600 |  0.0005
28691.6500 |  0.0068
30159.0600 |  0.0029
31393.6200 |  0.0070
31769.5700 |  0.0005
34843.1900 |  1.3968
35805.3400 |  0.0617
36176.4800 |  0.0187
40446.1900 |  0.9405
40576.4700 |  3.8050
41352.3400 |  0.0025
41817.8100 |  0.0354
45788.7500 |  0.0010
54202.8100 |  0.8348
61773.3200 |  0.0008
62158.1100 |  0.0016
------------------------------------------------------------------------------------------------------------

Summary:
Level = a3F4p_y4F4*, Lifetime = 3.32 ns, residual =,  2.380 %
------------------------------------------------------------------------------------------------------------
| Wavenumber | L Level    | Weight | B. Fraction | Uncertainty | Trans. Prob. | Uncertainty |  Theoretical |
------------------------------------------------------------------------------------------------------------
|  60285.533 |   3d7_a4F4 |    486 |      3.937% |        4.7% |       11.858 |         11% |       19.606 |
|  59727.976 |   3d7_a4F3 |    197 |      2.163% |        7.2% |        6.515 |         12% |       10.789 |
|  46313.474 |   3d7_a2G4 |    555 |      3.565% |        4.4% |       10.738 |         11% |        0.013 |
|  40727.720 |  3H4s_a4H5 |   2493 |      6.568% |        2.5% |       19.783 |         10% |        8.394 |
|  39520.917 | a3F4s_b4F4 |   2775 |     49.644% |        1.7% |      149.531 |         10% |      220.461 |
|  39347.780 | a3F4s_b4F3 |   2220 |     28.276% |        2.2% |       85.168 |         10% |       19.488 |
|  36729.329 |  3G4s_a4G5 |    257 |      0.565% |        6.4% |        1.703 |         12% |        5.064 |
|  36352.809 |  3G4s_a4G4 |     41 |      0.261% |       15.7% |        0.786 |         19% |        1.832 |
|  35987.947 |  3H4s_b2H5 |     82 |      0.758% |       11.1% |        2.284 |         15% |        1.040 |
|  30674.929 |  3D4s_b4D3 |     98 |      1.938% |       10.1% |        5.838 |         14% |        6.676 |
------------------------------------------------------------------------------------------------------------

Upper level: a3F4p_y4F4*
Reference level: a3F4s_b4F4
