Log file name set to x4D3.log

ID'd lines file selected: FeII.GN

Upper level: a3F4p_x4D3*
Lifetime of upper level: 2.8 ns

Identified transitions from upper level a3F4p_x4D3*:
--------------------------------------------------------------------------------------
| Wavenumber | L Conf         | U Conf         | Notes           |
--------------------------------------------------------------------------------------
|   8669.392 |       d5s2_b4G2 |     a3F4p_x4D3*  |
|  12732.204 |      b3P4s_c4P2 |     a3F4p_x4D3*  |
|  12802.238 |      b3F4s_c4F2 |     a3F4p_x4D3*  |
|  30945.970 |        3d7_b2F3 |     a3F4p_x4D3*  |
|  31133.180 |        3d7_b2F2 |     a3F4p_x4D3*  |
|  31461.847 |       3D4s_b4D3 |     a3F4p_x4D3*  |
|  32180.559 |       3G4s_b2G3 |     a3F4p_x4D3*  |
|  32556.470 |       3G4s_b2G4 |     a3F4p_x4D3*  |
|  35324.620 |      a3F4s_a2F2 |     a3F4p_x4D3*  |
|  35630.105 |      a3F4s_a2F3 |     a3F4p_x4D3*  |
|  36592.279 |       3H4s_b2H4 |     a3F4p_x4D3*  |
|  36963.394 |       3G4s_a4G3 |     a3F4p_x4D3*  |
|  37139.717 |       3G4s_a4G4 |     a3F4p_x4D3*  |
|  40134.698 |      a3F4s_b4F3 |     a3F4p_x4D3*  |
|  40307.850 |      a3F4s_b4F4 |     a3F4p_x4D3*  |
|  41233.250 |       3H4s_a4H3 |     a3F4p_x4D3*  |
|  41363.370 |       3H4s_a4H4 |     a3F4p_x4D3*  |
|  46575.649 |        3d7_a2G3 |     a3F4p_x4D3*  |
|  47100.375 |        3d7_a2G4 |     a3F4p_x4D3*  |
|  49470.597 |        3d7_a4P2 |     a3F4p_x4D3*  |
|  54553.140 |       5D4s_a4D2 |     a3F4p_x4D3*  |
|  54989.767 |       5D4s_a4D3 |     a3F4p_x4D3*  |
|  60107.100 |        3d7_a4F2 |     a3F4p_x4D3*  |
|  61072.442 |        3d7_a4F4 |     a3F4p_x4D3*  |
|  62560.030 |       5D4s_a6D3 |     a3F4p_x4D3*  |
|  62945.070 |       5D4s_a6D4 |     a3F4p_x4D3*  |
--------------------------------------------------------------------------------------

SNRs and intensities of observed transitions from upper level a3F4p_x4D3*:
---------------------------------------------------------------------------------------------------------------------------------------------------------------------------------------------------------------
| File Name:              |  Fe011720b.003  |  Fe042222a.001  |  Fe042122a.008  |  Fe112519a.007  |  Fe112519a.012  |  Fe042222b.001  |  Fe011720a.003  |  Fe112519b.012  |  Fe042122b.008  |  Fe112519b.007  | 
---------------------------------------------------------------------------------------------------------------------------------------------------------------------------------------------------------------
| Wavenumber | L Level    | SNR | Intensity | SNR | Intensity | SNR | Intensity | SNR | Intensity | SNR | Intensity | SNR | Intensity | SNR | Intensity | SNR | Intensity | SNR | Intensity | SNR | Intensity | 
---------------------------------------------------------------------------------------------------------------------------------------------------------------------------------------------------------------
|  61072.442 |   3d7_a4F4 |   8 |     43750 | --- | --------- | --- | --------- | --- | --------- | --- | --------- |  48 |      7281 | --- | --------- |  27 |     18540 |   9 |     39300 |  18 |     14570 | 
|  54989.767 |  5D4s_a4D3 |   6 |      6280 | --- | --------- | --- | --------- | --- | --------- | --- | --------- |  34 |      1037 | --- | --------- |   9 |      2834 |   5 |      7120 |   6 |      1925 | 
|  54553.140 |  5D4s_a4D2 | --- | --------- | --- | --------- | --- | --------- | --- | --------- | --- | --------- | --- | --------- | --- | --------- |   4 |      1213 | --- | --------- | --- | --------- | 
|  49470.597 |   3d7_a4P2 |  39 |     29500 |  22 |     19160 |  15 |     12480 |   4 |      5630 |   6 |      8387 |  77 |      4071 |  38 |     44320 |  13 |     19360 |  32 |     20690 |   8 |     12800 | 
|  40307.850 | a3F4s_b4F4 | 543 |    110700 | 318 |    114600 | 194 |     67630 |  77 |     25460 | 121 |     39810 |  65 |     21380 | 805 |    165100 | --- | --------- | 252 |     96800 | --- | --------- | 
|  40134.698 | a3F4s_b4F3 | 309 |     63160 | 179 |     65060 | 108 |     37960 |  45 |     14790 |  69 |     22590 |  37 |     12610 | 462 |     95450 | --- | --------- | 139 |     56880 | --- | --------- | 
|  37139.717 |  3G4s_a4G4 |  11 |      2975 |   6 |      3289 |   4 |      2344 | --- | --------- |   5 |      1946 | --- | --------- |  17 |      5249 | --- | --------- |   4 |      2558 | --- | --------- | 
|  36963.394 |  3G4s_a4G3 |   6 |      1152 | --- | --------- | --- | --------- | --- | --------- |   3 |       854 | --- | --------- |   6 |      1732 | --- | --------- | --- | --------- | --- | --------- | 
|  36592.279 |  3H4s_b2H4 |  13 |      4111 |   6 |      4065 |   5 |      2888 |   4 |      1081 |   7 |      1885 | --- | --------- |  19 |      5467 | --- | --------- |   5 |      5262 | --- | --------- | 
|  35630.105 | a3F4s_a2F3 |   4 |      4028 | --- | --------- | --- | --------- | --- | --------- |   5 |      1473 | --- | --------- |   7 |      1393 | --- | --------- | --- | --------- | --- | --------- | 
|  31461.847 |  3D4s_b4D3 | --- | --------- | --- | --------- | --- | --------- |   9 |      1784 |  16 |      2912 | --- | --------- | --- | --------- | --- | --------- | --- | --------- | --- | --------- | 
---------------------------------------------------------------------------------------------------------------------------------------------------------------------------------------------------------------

Normalizing each spectrum with respect to level a3F4s_b4F4 = 1000.
Normalized levels using level 3d7_a4P2 from spectrum Fe112519b.012.II
Normalized levels using level 3d7_a4P2 from spectrum Fe112519b.007.II

SNRs and intensities of observed transitions from upper level a3F4p_x4D3*:
---------------------------------------------------------------------------------------------------------------------------------------------------------------------------------------------------------------
| File Name:              |  Fe011720b.003  |  Fe042222a.001  |  Fe042122a.008  |  Fe112519a.007  |  Fe112519a.012  |  Fe042222b.001  |  Fe011720a.003  |  Fe112519b.012  |  Fe042122b.008  |  Fe112519b.007  | 
---------------------------------------------------------------------------------------------------------------------------------------------------------------------------------------------------------------
| Wavenumber | L Level    | SNR | Intensity | SNR | Intensity | SNR | Intensity | SNR | Intensity | SNR | Intensity | SNR | Intensity | SNR | Intensity | SNR | Intensity | SNR | Intensity | SNR | Intensity | 
---------------------------------------------------------------------------------------------------------------------------------------------------------------------------------------------------------------
|  61072.442 |   3d7_a4F4 |   8 |       395 | --- | --------- | --- | --------- | --- | --------- | --- | --------- |  48 |       341 | --- | --------- |  27 |       210 |   9 |       406 |  18 |       250 | 
|  54989.767 |  5D4s_a4D3 |   6 |        57 | --- | --------- | --- | --------- | --- | --------- | --- | --------- |  34 |        49 | --- | --------- |   9 |        32 |   5 |        74 |   6 |        33 | 
|  54553.140 |  5D4s_a4D2 | --- | --------- | --- | --------- | --- | --------- | --- | --------- | --- | --------- | --- | --------- | --- | --------- |   4 |        14 | --- | --------- | --- | --------- | 
|  49470.597 |   3d7_a4P2 |  39 |       266 |  22 |       167 |  15 |       185 |   4 |       221 |   6 |       211 |  77 |       190 |  38 |       268 |  13 |       219 |  32 |       214 |   8 |       219 | 
|  40307.850 | a3F4s_b4F4 | 543 |      1000 | 318 |      1000 | 194 |      1000 |  77 |      1000 | 121 |      1000 |  65 |      1000 | 805 |      1000 | --- | --------- | 252 |      1000 | --- | --------- | 
|  40134.698 | a3F4s_b4F3 | 309 |       571 | 179 |       568 | 108 |       561 |  45 |       581 |  69 |       567 |  37 |       590 | 462 |       578 | --- | --------- | 139 |       588 | --- | --------- | 
|  37139.717 |  3G4s_a4G4 |  11 |        27 |   6 |        29 |   4 |        35 | --- | --------- |   5 |        49 | --- | --------- |  17 |        32 | --- | --------- |   4 |        26 | --- | --------- | 
|  36963.394 |  3G4s_a4G3 |   6 |        10 | --- | --------- | --- | --------- | --- | --------- |   3 |        21 | --- | --------- |   6 |        10 | --- | --------- | --- | --------- | --- | --------- | 
|  36592.279 |  3H4s_b2H4 |  13 |        37 |   6 |        35 |   5 |        43 |   4 |        42 |   7 |        47 | --- | --------- |  19 |        33 | --- | --------- |   5 |        54 | --- | --------- | 
|  35630.105 | a3F4s_a2F3 |   4 |        36 | --- | --------- | --- | --------- | --- | --------- |   5 |        37 | --- | --------- |   7 |         8 | --- | --------- | --- | --------- | --- | --------- | 
|  31461.847 |  3D4s_b4D3 | --- | --------- | --- | --------- | --- | --------- |   9 |        70 |  16 |        73 | --- | --------- | --- | --------- | --- | --------- | --- | --------- | --- | --------- | 
---------------------------------------------------------------------------------------------------------------------------------------------------------------------------------------------------------------

Residuals:
 5533.9700 |  0.0094
 8040.8200 |  0.0008
 8661.8200 |  0.0010
 8671.4000 |  0.0008
12732.2100 |  0.0241
12787.5900 |  0.0243
12802.2500 |  0.0018
24780.8500 |  0.0051
26692.1200 |  0.0145
29443.7900 |  0.2657
29478.5800 |  0.0581
30945.9900 |  0.0284
31133.2200 |  0.1139
31557.0900 |  0.1823
32180.5500 |  1.1086
32556.5000 |  0.8616
35324.6300 |  0.0752
36889.6200 |  0.1399
40005.6800 |  9.6953   --- blend with a4H4 - z4I5 at 40005.5883 cm-1 ; b4F2 - x4D3 at 40005.6923 cm-1. Use C of G
41233.1200 |  0.2927
41363.4000 |  0.0325
42114.4600 |  2.3274
42139.2700 |  0.4148
42428.0800 |  0.4981
46575.6800 |  1.0022
47100.3900 |  0.5155
60107.0900 |  0.9915
62560.2500 |  0.0826
62945.0400 |  0.4881
------------------------------------------------------------------------------------------------------------

Summary:
Level = a3F4p_x4D3*, Lifetime = 2.8 ns, residual =,  5.392 %
------------------------------------------------------------------------------------------------------------
| Wavenumber | L Level    | Weight | B. Fraction | Uncertainty | Trans. Prob. | Uncertainty |  Theoretical |
------------------------------------------------------------------------------------------------------------
|  61072.442 |   3d7_a4F4 |   1402 |     11.325% |        3.7% |       40.445 |         11% |       44.091 |
|  54989.767 |  5D4s_a4D3 |    673 |      1.977% |        4.7% |        7.061 |         11% |        6.261 |
|  54553.140 |  5D4s_a4D2 |     19 |      0.563% |       22.8% |        2.012 |         25% |        2.228 |
|  49470.597 |   3d7_a4P2 |   4140 |      8.993% |        3.2% |       32.117 |         10% |       27.005 |
|  40307.850 | a3F4s_b4F4 |   4440 |     41.012% |        2.9% |      146.472 |         10% |      147.597 |
|  40134.698 | a3F4s_b4F3 |   4440 |     23.600% |        3.0% |       84.284 |         10% |       84.073 |
|  37139.717 |  3G4s_a4G4 |    484 |      1.272% |        5.3% |        4.542 |         11% |        3.929 |
|  36963.394 |  3G4s_a4G3 |     77 |      0.490% |       11.7% |        1.748 |         15% |        1.148 |
|  36592.279 |  3H4s_b2H4 |    671 |      1.520% |        4.7% |        5.429 |         11% |        5.418 |
|  35630.105 | a3F4s_a2F3 |     73 |      1.169% |       11.9% |        4.174 |         16% |        2.663 |
|  31461.847 |  3D4s_b4D3 |    254 |      2.964% |        6.7% |       10.587 |         12% |       10.510 |
------------------------------------------------------------------------------------------------------------

