Log file name set to y4F3.log

ID'd lines file selected: FeII.GN

Upper level: a3F4p_y4F3*
Lifetime of upper level: 3.5 ns

Identified transitions from upper level a3F4p_y4F3*:
--------------------------------------------------------------------------------------
| Wavenumber | L Conf         | U Conf         | Notes           |
--------------------------------------------------------------------------------------
|  30677.550 |       3D4s_b4D2 |     a3F4p_y4F3*  |
|  31301.059 |       3G4s_b2G3 |     a3F4p_y4F3*  |
|  31676.990 |       3G4s_b2G4 |     a3F4p_y4F3*  |
|  34445.100 |      a3F4s_a2F2 |     a3F4p_y4F3*  |
|  34750.605 |      a3F4s_a2F3 |     a3F4p_y4F3*  |
|  35712.791 |       3H4s_b2H4 |     a3F4p_y4F3*  |
|  36010.115 |       3G4s_a4G2 |     a3F4p_y4F3*  |
|  36083.846 |       3G4s_a4G3 |     a3F4p_y4F3*  |
|  36260.196 |       3G4s_a4G4 |     a3F4p_y4F3*  |
|  38747.930 |       d5s2_a6S2 |     a3F4p_y4F3*  |
|  39126.177 |      a3F4s_b4F2 |     a3F4p_y4F3*  |
|  39255.182 |      a3F4s_b4F3 |     a3F4p_y4F3*  |
|  39428.334 |      a3F4s_b4F4 |     a3F4p_y4F3*  |
|  40353.634 |       3H4s_a4H3 |     a3F4p_y4F3*  |
|  40483.895 |       3H4s_a4H4 |     a3F4p_y4F3*  |
|  41234.975 |      a3P4s_b4P2 |     a3F4p_y4F3*  |
|  41259.773 |        3d7_a2H4 |     a3F4p_y4F3*  |
|  41548.560 |        3d7_a2D2 |     a3F4p_y4F3*  |
|  45696.125 |        3d7_a2G3 |     a3F4p_y4F3*  |
|  46220.780 |        3d7_a2G4 |     a3F4p_y4F3*  |
|  48591.079 |        3d7_a4P2 |     a3F4p_y4F3*  |
|  53673.650 |       5D4s_a4D2 |     a3F4p_y4F3*  |
|  54110.170 |       5D4s_a4D3 |     a3F4p_y4F3*  |
|  59227.578 |        3d7_a4F2 |     a3F4p_y4F3*  |
|  59635.426 |        3d7_a4F3 |     a3F4p_y4F3*  |
|  60192.990 |        3d7_a4F4 |     a3F4p_y4F3*  |
|  61397.870 |       5D4s_a6D2 |     a3F4p_y4F3*  |
|  61680.780 |       5D4s_a6D3 |     a3F4p_y4F3*  |
|  62065.670 |       5D4s_a6D4 |     a3F4p_y4F3*  |
--------------------------------------------------------------------------------------

SNRs and intensities of observed transitions from upper level a3F4p_y4F3*:
---------------------------------------------------------------------------------------------------------------------------------------------------------------------------------------------------------------
| File Name:              |  Fe011720b.003  |  Fe042222a.001  |  Fe042122a.008  |  Fe112519a.007  |  Fe112519a.012  |  Fe042222b.001  |  Fe011720a.003  |  Fe112519b.012  |  Fe042122b.008  |  Fe112519b.007  | 
---------------------------------------------------------------------------------------------------------------------------------------------------------------------------------------------------------------
| Wavenumber | L Level    | SNR | Intensity | SNR | Intensity | SNR | Intensity | SNR | Intensity | SNR | Intensity | SNR | Intensity | SNR | Intensity | SNR | Intensity | SNR | Intensity | SNR | Intensity | 
---------------------------------------------------------------------------------------------------------------------------------------------------------------------------------------------------------------
|  62065.670 |  5D4s_a6D4 | --- | --------- | --- | --------- | --- | --------- | --- | --------- | --- | --------- | --- | --------- | --- | --------- |   4 |      3415 | --- | --------- | --- | --------- | 
|  60192.990 |   3d7_a4F4 | --- | --------- | --- | --------- | --- | --------- | --- | --------- | --- | --------- |   3 |       373 | --- | --------- |   2 |      1199 | --- | --------- | --- | --------- | 
|  59635.426 |   3d7_a4F3 |   3 |     10930 | --- | --------- | --- | --------- | --- | --------- | --- | --------- |  17 |      1422 | --- | --------- |   9 |      3501 |   4 |      7465 |   5 |      2170 | 
|  59227.578 |   3d7_a4F2 | --- | --------- | --- | --------- | --- | --------- | --- | --------- | --- | --------- |  10 |       736 | --- | --------- |   6 |      3268 | --- | --------- |   5 |      1650 | 
|  48591.079 |   3d7_a4P2 |  10 |      6906 |   8 |      5383 |   4 |      3775 | --- | --------- | --- | --------- |  18 |      1083 |  11 |      9944 |   3 |      4264 |   9 |      5993 | --- | --------- | 
|  45696.125 |   3d7_a2G3 |  14 |      4394 |   9 |      3469 |   8 |      2977 | --- | --------- |   3 |       708 |   9 |       874 |  16 |      6191 | --- | --------- |   9 |      3104 | --- | --------- | 
|  41548.560 |   3d7_a2D2 |   7 |      1673 |   5 |      1623 | --- | --------- | --- | --------- |   3 |       490 | --- | --------- |   9 |      2345 | --- | --------- |   4 |      1839 | --- | --------- | 
|  41259.773 |   3d7_a2H4 |   9 |      2101 |   7 |      2278 |   4 |      1513 | --- | --------- |   2 |       762 | --- | --------- |  13 |      2897 | --- | --------- |   6 |      1812 | --- | --------- | 
|  41234.975 | a3P4s_b4P2 |  76 |     15520 |  49 |     17040 |  31 |     10290 |   9 |      3405 |  15 |      5182 | --- | --------- | 109 |     23330 | --- | --------- |  41 |     14950 | --- | --------- | 
|  40483.895 |  3H4s_a4H4 |   8 |      2045 |   6 |      2306 |   3 |       990 | --- | --------- |   3 |       462 | --- | --------- |  12 |      2992 | --- | --------- |   4 |      1898 | --- | --------- | 
|  40353.634 |  3H4s_a4H3 |  78 |     16250 |  45 |     16290 |  28 |     10900 |   9 |      3264 |  16 |      5085 | --- | --------- | 115 |     24150 | --- | --------- |  37 |     16330 | --- | --------- | 
|  39428.334 | a3F4s_b4F4 | 313 |     62480 | 191 |     72970 | 117 |     43140 |  47 |     13580 |  75 |     21630 | --- | --------- | 475 |     92180 |  10 |     30840 | 146 |     62410 |   8 |     17990 | 
|  39255.182 | a3F4s_b4F3 | 326 |     65830 | 208 |     80290 | 126 |     45380 |  50 |     14510 |  82 |     23600 | --- | --------- | 497 |     96720 |  10 |     77930 | 156 |     66420 |   7 |     54340 | 
|  39126.177 | a3F4s_b4F2 |  81 |     16610 |  51 |     19650 |  30 |     11400 |  13 |      3465 |  21 |      5863 | --- | --------- | 124 |     23850 | --- | --------- |  38 |     15650 | --- | --------- | 
|  36260.196 |  3G4s_a4G4 |  16 |      5088 |   9 |      6733 |   6 |      5436 |   5 |      1124 |   8 |      2632 | --- | --------- |  23 |      6836 | --- | --------- |   9 |      5743 | --- | --------- | 
|  36083.846 |  3G4s_a4G3 |  10 |      3591 |   8 |      5935 |   6 |      3059 | --- | --------- |   5 |      1091 | --- | --------- |  14 |      4524 | --- | --------- |   6 |      5662 | --- | --------- | 
|  36010.115 |  3G4s_a4G2 |   5 |      2549 |   4 |      2913 | --- | --------- | --- | --------- |   4 |       803 | --- | --------- |   7 |      2111 | --- | --------- | --- | --------- | --- | --------- | 
|  35712.791 |  3H4s_b2H4 |  27 |     10130 |  16 |     14870 |   4 |      3268 |   9 |      2579 |  16 |      3819 | --- | --------- |  35 |     14970 | --- | --------- |  13 |     10920 | --- | --------- | 
|  34750.605 | a3F4s_a2F3 |  10 |      4864 |   5 |      8398 | --- | --------- |   5 |      1519 |  12 |      2484 | --- | --------- |   8 |      7005 | --- | --------- |   6 |      6516 | --- | --------- | 
|  31301.059 |  3G4s_b2G3 | --- | --------- | --- | --------- | --- | --------- |   3 |       771 |   4 |      1019 | --- | --------- | --- | --------- | --- | --------- | --- | --------- | --- | --------- | 
|  30677.550 |  3D4s_b4D2 | --- | --------- | --- | --------- | --- | --------- |   7 |      1213 |  10 |      1994 | --- | --------- | --- | --------- | --- | --------- | --- | --------- | --- | --------- | 
---------------------------------------------------------------------------------------------------------------------------------------------------------------------------------------------------------------

Spectrum Fe042222b.001.II does not contain level a3F4s_b4F4
Normalizing each spectrum with respect to level a3F4s_b4F4 = 1000.
Normalized levels using level 3d7_a4P2 from spectrum Fe042222b.001.II
Fe112519b.007.II, 3d7_a4F3 deleted from list
Fe112519b.007.II, 3d7_a4F2 deleted from list
Fe112519b.007.II, a3F4s_b4F4 deleted from list
Fe112519b.007.II, a3F4s_b4F3 deleted from list
Fe112519b.012.II, a3F4s_b4F3 deleted from list
Fe112519b.012.II, a3F4s_b4F4 deleted from list
Normalized levels using level 3d7_a4P2 from spectrum Fe112519b.012.II
Fe011720b.003.II, 3d7_a4F3 deleted from list
Normalized levels using level 3d7_a4P2 from spectrum Fe042222b.001.II

SNRs and intensities of observed transitions from upper level a3F4p_y4F3*:
---------------------------------------------------------------------------------------------------------------------------------------------------------------------------------------------------------------
| File Name:              |  Fe011720b.003  |  Fe042222a.001  |  Fe042122a.008  |  Fe112519a.007  |  Fe112519a.012  |  Fe042222b.001  |  Fe011720a.003  |  Fe112519b.012  |  Fe042122b.008  |  Fe112519b.007  | 
---------------------------------------------------------------------------------------------------------------------------------------------------------------------------------------------------------------
| Wavenumber | L Level    | SNR | Intensity | SNR | Intensity | SNR | Intensity | SNR | Intensity | SNR | Intensity | SNR | Intensity | SNR | Intensity | SNR | Intensity | SNR | Intensity | SNR | Intensity | 
---------------------------------------------------------------------------------------------------------------------------------------------------------------------------------------------------------------
|  62065.670 |  5D4s_a6D4 | --- | --------- | --- | --------- | --- | --------- | --- | --------- | --- | --------- | --- | --------- | --- | --------- |   4 |        79 | --- | --------- | --- | --------- | 
|  60192.990 |   3d7_a4F4 | --- | --------- | --- | --------- | --- | --------- | --- | --------- | --- | --------- |   3 |        34 | --- | --------- |   2 |        28 | --- | --------- | --- | --------- | 
|  59635.426 |   3d7_a4F3 | --- | --------- | --- | --------- | --- | --------- | --- | --------- | --- | --------- |  17 |       129 | --- | --------- |   9 |        81 |   4 |       120 | --- | --------- | 
|  59227.578 |   3d7_a4F2 | --- | --------- | --- | --------- | --- | --------- | --- | --------- | --- | --------- |  10 |        67 | --- | --------- |   6 |        75 | --- | --------- | --- | --------- | 
|  48591.079 |   3d7_a4P2 |  10 |       111 |   8 |        74 |   4 |        88 | --- | --------- | --- | --------- |  18 |        98 |  11 |       108 |   3 |        98 |   9 |        96 | --- | --------- | 
|  45696.125 |   3d7_a2G3 |  14 |        70 |   9 |        48 |   8 |        69 | --- | --------- |   3 |        33 |   9 |        79 |  16 |        67 | --- | --------- |   9 |        50 | --- | --------- | 
|  41548.560 |   3d7_a2D2 |   7 |        27 |   5 |        22 | --- | --------- | --- | --------- |   3 |        23 | --- | --------- |   9 |        25 | --- | --------- |   4 |        29 | --- | --------- | 
|  41259.773 |   3d7_a2H4 |   9 |        34 |   7 |        31 |   4 |        35 | --- | --------- |   2 |        35 | --- | --------- |  13 |        31 | --- | --------- |   6 |        29 | --- | --------- | 
|  41234.975 | a3P4s_b4P2 |  76 |       248 |  49 |       234 |  31 |       239 |   9 |       251 |  15 |       240 | --- | --------- | 109 |       253 | --- | --------- |  41 |       240 | --- | --------- | 
|  40483.895 |  3H4s_a4H4 |   8 |        33 |   6 |        32 |   3 |        23 | --- | --------- |   3 |        21 | --- | --------- |  12 |        32 | --- | --------- |   4 |        30 | --- | --------- | 
|  40353.634 |  3H4s_a4H3 |  78 |       260 |  45 |       223 |  28 |       253 |   9 |       240 |  16 |       235 | --- | --------- | 115 |       262 | --- | --------- |  37 |       262 | --- | --------- | 
|  39428.334 | a3F4s_b4F4 | 313 |      1000 | 191 |      1000 | 117 |      1000 |  47 |      1000 |  75 |      1000 | --- | --------- | 475 |      1000 | --- | --------- | 146 |      1000 | --- | --------- | 
|  39255.182 | a3F4s_b4F3 | 326 |      1054 | 208 |      1100 | 126 |      1052 |  50 |      1068 |  82 |      1091 | --- | --------- | 497 |      1049 | --- | --------- | 156 |      1064 | --- | --------- | 
|  39126.177 | a3F4s_b4F2 |  81 |       266 |  51 |       269 |  30 |       264 |  13 |       255 |  21 |       271 | --- | --------- | 124 |       259 | --- | --------- |  38 |       251 | --- | --------- | 
|  36260.196 |  3G4s_a4G4 |  16 |        81 |   9 |        92 |   6 |       126 |   5 |        83 |   8 |       122 | --- | --------- |  23 |        74 | --- | --------- |   9 |        92 | --- | --------- | 
|  36083.846 |  3G4s_a4G3 |  10 |        57 |   8 |        81 |   6 |        71 | --- | --------- |   5 |        50 | --- | --------- |  14 |        49 | --- | --------- |   6 |        91 | --- | --------- | 
|  36010.115 |  3G4s_a4G2 |   5 |        41 |   4 |        40 | --- | --------- | --- | --------- |   4 |        37 | --- | --------- |   7 |        23 | --- | --------- | --- | --------- | --- | --------- | 
|  35712.791 |  3H4s_b2H4 |  27 |       162 |  16 |       204 |   4 |        76 |   9 |       190 |  16 |       177 | --- | --------- |  35 |       162 | --- | --------- |  13 |       175 | --- | --------- | 
|  34750.605 | a3F4s_a2F3 |  10 |        78 |   5 |       115 | --- | --------- |   5 |       112 |  12 |       115 | --- | --------- |   8 |        76 | --- | --------- |   6 |       104 | --- | --------- | 
|  31301.059 |  3G4s_b2G3 | --- | --------- | --- | --------- | --- | --------- |   3 |        57 |   4 |        47 | --- | --------- | --- | --------- | --- | --------- | --- | --------- | --- | --------- | 
|  30677.550 |  3D4s_b4D2 | --- | --------- | --- | --------- | --- | --------- |   7 |        89 |  10 |        92 | --- | --------- | --- | --------- | --- | --------- | --- | --------- | --- | --------- | 
---------------------------------------------------------------------------------------------------------------------------------------------------------------------------------------------------------------

Residuals:
 7161.3000 |  0.0008
 7194.9900 |  0.0008
 7782.3000 |  0.0067
 7789.8800 |  0.0011
 7791.8800 |  0.0075
11852.6900 |  0.0029
11877.7100 |  0.0160
17135.9700 |  0.0069
17150.4700 |  0.0054
23901.3300 |  0.0052
28564.2700 |  0.2903
28599.0600 |  0.2360
30066.4700 |  0.1064
30253.7000 |  0.1498
31676.9800 |  0.2062
34445.1100 |  0.7444
38747.8900 |  0.1185
46220.8700 |  0.0360
53673.5800 |  0.2448
54110.2200 |  0.1753
61397.8400 |  0.1963
61680.7300 |  1.2500
------------------------------------------------------------------------------------------------------------

Summary:
Level = a3F4p_y4F3*, Lifetime = 3.5 ns, residual =,  1.333 %
---------------------------------------------------------------------------------------------------------------------------
| Wavenumber | L Level    | Weight | B. Fraction | Uncertainty | Trans. Prob. | Uncertainty |  Theoretical | Pickering    |
---------------------------------------------------------------------------------------------------------------------------
|  62065.670 |  5D4s_a6D4 |     13 |      1.965% |       27.7% |        5.614 |         29% |        4.355 |  4.40    19% |
|  60192.990 |   3d7_a4F4 |     27 |      0.811% |       19.0% |        2.317 |         21% |        1.247 |   -       -  |
|  59635.426 |   3d7_a4F3 |     81 |      2.715% |       10.9% |        7.758 |         15% |        6.816 |  6.75    14% |
|  59227.578 |   3d7_a4F2 |     54 |      1.772% |       13.4% |        5.063 |         17% |        3.668 |  2.53    20% |
|  48591.079 |   3d7_a4P2 |   1504 |      2.453% |        2.8% |        7.010 |         10% |        4.693 |  2.80    14% |
|  45696.125 |   3d7_a2G3 |    857 |      1.610% |        3.6% |        4.600 |         11% |        3.949 |  2.87    10% |
|  41548.560 |   3d7_a2D2 |    212 |      0.640% |        6.9% |        1.828 |         12% |        1.414 |  2.05    17% |
|  41259.773 |   3d7_a2H4 |    387 |      0.793% |        5.2% |        2.264 |         11% |        1.564 |  2.94    16% |
|  41234.975 | a3P4s_b4P2 |   3110 |      6.045% |        2.1% |       17.271 |         10% |       17.496 | 16.10    10% |
|  40483.895 |  3H4s_a4H4 |    299 |      0.789% |        5.9% |        2.255 |         12% |        2.133 |  2.23    12% |
|  40353.634 |  3H4s_a4H3 |   3133 |      6.232% |        2.1% |       17.807 |         10% |       17.278 | 17.0      9% |
|  39428.334 | a3F4s_b4F4 |   3885 |     24.913% |        1.7% |       71.181 |         10% |       73.167 | 74.7      9% |
|  39255.182 | a3F4s_b4F3 |   3885 |     26.618% |        1.6% |       76.051 |         10% |       78.226 | 79.8      9% |
|  39126.177 | a3F4s_b4F2 |   3355 |      6.543% |        2.0% |       18.693 |         10% |       19.265 | 19.6      9% |
|  36260.196 |  3G4s_a4G4 |   1009 |      2.102% |        3.3% |        6.005 |         11% |        6.232 |  8.07     9% |
|  36083.846 |  3G4s_a4G3 |    444 |      1.588% |        4.8% |        4.537 |         11% |        0.298 |   -       -  |
|  36010.115 |  3G4s_a4G2 |     96 |      0.816% |       10.2% |        2.332 |         14% |        2.597 |  2.66    10% |
|  35712.791 |  3H4s_b2H4 |   1986 |      4.299% |        2.5% |       12.284 |         10% |       14.343 | 15.5      9% |
|  34750.605 | a3F4s_a2F3 |    344 |      2.474% |        5.4% |        7.068 |         11% |        8.022 |  9.56     9% |
|  31301.059 |  3G4s_b2G3 |     23 |      1.233% |       20.4% |        3.523 |         23% |        2.945 |  3.86     9% |
|  30677.550 |  3D4s_b4D2 |    118 |      2.274% |        9.1% |        6.496 |         14% |        5.500 |  9.39     9% |
---------------------------------------------------------------------------------------------------------------------------
