Log file name set to y4G3.log

ID'd lines file selected: FeII.GN

Upper level: a3F4p_y4G3*
Lifetime of upper level: 2.7 ns

Identified transitions from upper level a3F4p_y4G3*:
--------------------------------------------------------------------------------------
| Wavenumber | L Conf         | U Conf         | Notes           |
--------------------------------------------------------------------------------------
|  19125.829 |       1F4s_c2F3 |     a3F4p_y4G3*  |
|  32041.800 |        3d7_b2F3 |     a3F4p_y4G3*  |
|  32229.110 |        3d7_b2F2 |     a3F4p_y4G3*  |
|  32557.680 |       3D4s_b4D3 |     a3F4p_y4G3*  |
|  32652.840 |       3D4s_b4D2 |     a3F4p_y4G3*  |
|  33276.400 |       3G4s_b2G3 |     a3F4p_y4G3*  |
|  33652.348 |       3G4s_b2G4 |     a3F4p_y4G3*  |
|  36420.507 |      a3F4s_a2F2 |     a3F4p_y4G3*  |
|  36725.970 |      a3F4s_a2F3 |     a3F4p_y4G3*  |
|  37688.119 |       3H4s_b2H4 |     a3F4p_y4G3*  |
|  38059.277 |       3G4s_a4G3 |     a3F4p_y4G3*  |
|  38235.589 |       3G4s_a4G4 |     a3F4p_y4G3*  |
|  41101.540 |      a3F4s_b4F2 |     a3F4p_y4G3*  |
|  41230.530 |      a3F4s_b4F3 |     a3F4p_y4G3*  |
|  41403.600 |      a3F4s_b4F4 |     a3F4p_y4G3*  |
|  42328.977 |       3H4s_a4H3 |     a3F4p_y4G3*  |
|  42459.276 |       3H4s_a4H4 |     a3F4p_y4G3*  |
|  43235.083 |        3d7_a2H4 |     a3F4p_y4G3*  |
|  47671.499 |        3d7_a2G3 |     a3F4p_y4G3*  |
|  48196.251 |        3d7_a2G4 |     a3F4p_y4G3*  |
|  61202.909 |        3d7_a4F2 |     a3F4p_y4G3*  |
|  61610.769 |        3d7_a4F3 |     a3F4p_y4G3*  |
|  62168.322 |        3d7_a4F4 |     a3F4p_y4G3*  |
--------------------------------------------------------------------------------------

SNRs and intensities of observed transitions from upper level a3F4p_y4G3*:
---------------------------------------------------------------------------------------------------------------------------------------------------------------------------------------------------------------
| File Name:              |  Fe011720b.003  |  Fe042222a.001  |  Fe042122a.008  |  Fe112519a.007  |  Fe112519a.012  |  Fe042222b.001  |  Fe011720a.003  |  Fe112519b.012  |  Fe042122b.008  |  Fe112519b.007  | 
---------------------------------------------------------------------------------------------------------------------------------------------------------------------------------------------------------------
| Wavenumber | L Level    | SNR | Intensity | SNR | Intensity | SNR | Intensity | SNR | Intensity | SNR | Intensity | SNR | Intensity | SNR | Intensity | SNR | Intensity | SNR | Intensity | SNR | Intensity | 
---------------------------------------------------------------------------------------------------------------------------------------------------------------------------------------------------------------
|  61610.769 |   3d7_a4F3 | --- | --------- | --- | --------- | --- | --------- | --- | --------- | --- | --------- |  16 |      3055 | --- | --------- |   8 |      8194 |   3 |     16110 |   7 |      5428 | 
|  61202.909 |   3d7_a4F2 |   6 |     33090 | --- | --------- | --- | --------- | --- | --------- | --- | --------- |  39 |      5935 | --- | --------- |  18 |     14480 |   5 |     30010 |  12 |      8999 | 
|  48196.251 |   3d7_a2G4 |   5 |      3817 |   4 |      2488 |   2 |      2383 | --- | --------- | --- | --------- |   8 |       488 |   5 |      4271 | --- | --------- | --- | --------- | --- | --------- | 
|  43235.083 |   3d7_a2H4 | --- | --------- |   3 |       942 | --- | --------- | --- | --------- | --- | --------- | --- | --------- | --- | --------- | --- | --------- | --- | --------- | --- | --------- | 
|  42459.276 |  3H4s_a4H4 | 206 |     47260 | 161 |     53960 |  98 |     30450 |  23 |      9480 |  39 |     15910 |  33 |     10100 | 283 |     70060 | --- | --------- | 139 |     48200 | --- | --------- | 
|  42328.977 |  3H4s_a4H3 |  59 |     16690 |  41 |     13810 |  24 |      9178 |   8 |      4528 |  12 |      5997 |   8 |      2991 |  83 |     25470 | --- | --------- |  36 |     13570 | --- | --------- | 
|  41230.530 | a3F4s_b4F3 |  16 |      3496 |  11 |      3749 |   8 |      2795 | --- | --------- |   2 |      1101 | --- | --------- |  20 |      4730 | --- | --------- |   8 |      4627 | --- | --------- | 
|  41101.540 | a3F4s_b4F2 | 391 |     81970 | 288 |    100300 | 175 |     57130 |  49 |     17430 |  78 |     27580 |  58 |     18380 | 564 |    122400 | --- | --------- | 234 |     85160 | --- | --------- | 
|  38059.277 |  3G4s_a4G3 | --- | --------- |   4 |      1549 | --- | --------- | --- | --------- | --- | --------- | --- | --------- | --- | --------- | --- | --------- | --- | --------- | --- | --------- | 
|  37688.119 |  3H4s_b2H4 |   8 |      2178 |   7 |      3122 | --- | --------- | --- | --------- |   3 |       877 | --- | --------- |  11 |      3340 | --- | --------- |   4 |      1915 | --- | --------- | 
|  36725.970 | a3F4s_a2F3 |  19 |      5768 |  12 |      7154 |   8 |      3394 |   5 |      1531 |   7 |      1745 | --- | --------- |  27 |      7663 | --- | --------- |   8 |      5752 | --- | --------- | 
|  36420.507 | a3F4s_a2F2 | --- | --------- | --- | --------- | --- | --------- | --- | --------- |   4 |       497 | --- | --------- |   8 |      1884 | --- | --------- | --- | --------- | --- | --------- | 
|  33652.348 |  3G4s_b2G4 | --- | --------- | --- | --------- | --- | --------- | --- | --------- |   3 |       423 | --- | --------- | --- | --------- | --- | --------- | --- | --------- | --- | --------- | 
|  32229.110 |   3d7_b2F2 | --- | --------- | --- | --------- | --- | --------- |   5 |       794 |   5 |       952 | --- | --------- | --- | --------- | --- | --------- | --- | --------- | --- | --------- | 
---------------------------------------------------------------------------------------------------------------------------------------------------------------------------------------------------------------

Normalizing each spectrum with respect to level a3F4s_b4F2 = 1000.
Normalized levels using level 3d7_a4F2 from spectrum Fe112519b.012.II
Normalized levels using level 3d7_a4F2 from spectrum Fe112519b.007.II
Fe042122b.008.II, 3H4s_b2H4 deleted from list
Fe042122b.008.II, a3F4s_a2F3 deleted from list
Fe011720b.003.II, a3F4s_a2F3 deleted from list

SNRs and intensities of observed transitions from upper level a3F4p_y4G3*:
---------------------------------------------------------------------------------------------------------------------------------------------------------------------------------------------------------------
| File Name:              |  Fe011720b.003  |  Fe042222a.001  |  Fe042122a.008  |  Fe112519a.007  |  Fe112519a.012  |  Fe042222b.001  |  Fe011720a.003  |  Fe112519b.012  |  Fe042122b.008  |  Fe112519b.007  | 
---------------------------------------------------------------------------------------------------------------------------------------------------------------------------------------------------------------
| Wavenumber | L Level    | SNR | Intensity | SNR | Intensity | SNR | Intensity | SNR | Intensity | SNR | Intensity | SNR | Intensity | SNR | Intensity | SNR | Intensity | SNR | Intensity | SNR | Intensity | 
---------------------------------------------------------------------------------------------------------------------------------------------------------------------------------------------------------------
|  61610.769 |   3d7_a4F3 | --- | --------- | --- | --------- | --- | --------- | --- | --------- | --- | --------- |  16 |       166 | --- | --------- |   8 |       190 |   3 |       189 |   7 |       203 | 
|  61202.909 |   3d7_a4F2 |   6 |       404 | --- | --------- | --- | --------- | --- | --------- | --- | --------- |  39 |       323 | --- | --------- |  18 |       336 |   5 |       352 |  12 |       336 | 
|  48196.251 |   3d7_a2G4 |   5 |        47 |   4 |        25 |   2 |        42 | --- | --------- | --- | --------- |   8 |        27 |   5 |        35 | --- | --------- | --- | --------- | --- | --------- | 
|  43235.083 |   3d7_a2H4 | --- | --------- |   3 |         9 | --- | --------- | --- | --------- | --- | --------- | --- | --------- | --- | --------- | --- | --------- | --- | --------- | --- | --------- | 
|  42459.276 |  3H4s_a4H4 | 206 |       577 | 161 |       538 |  98 |       533 |  23 |       544 |  39 |       577 |  33 |       550 | 283 |       572 | --- | --------- | 139 |       566 | --- | --------- | 
|  42328.977 |  3H4s_a4H3 |  59 |       204 |  41 |       138 |  24 |       161 |   8 |       260 |  12 |       217 |   8 |       163 |  83 |       208 | --- | --------- |  36 |       159 | --- | --------- | 
|  41230.530 | a3F4s_b4F3 |  16 |        43 |  11 |        37 |   8 |        49 | --- | --------- |   2 |        40 | --- | --------- |  20 |        39 | --- | --------- |   8 |        54 | --- | --------- | 
|  41101.540 | a3F4s_b4F2 | 391 |      1000 | 288 |      1000 | 175 |      1000 |  49 |      1000 |  78 |      1000 |  58 |      1000 | 564 |      1000 | --- | --------- | 234 |      1000 | --- | --------- | 
|  38059.277 |  3G4s_a4G3 | --- | --------- |   4 |        15 | --- | --------- | --- | --------- | --- | --------- | --- | --------- | --- | --------- | --- | --------- | --- | --------- | --- | --------- | 
|  37688.119 |  3H4s_b2H4 | --- | --------- |   7 |        31 | --- | --------- | --- | --------- |   3 |        32 | --- | --------- |  11 |        27 | --- | --------- | --- | --------- | --- | --------- | 
|  36725.970 | a3F4s_a2F3 | --- | --------- |  12 |        71 |   8 |        59 |   5 |        88 |   7 |        63 | --- | --------- |  27 |        63 | --- | --------- | --- | --------- | --- | --------- | 
|  36420.507 | a3F4s_a2F2 | --- | --------- | --- | --------- | --- | --------- | --- | --------- |   4 |        18 | --- | --------- |   8 |        15 | --- | --------- | --- | --------- | --- | --------- | 
|  33652.348 |  3G4s_b2G4 | --- | --------- | --- | --------- | --- | --------- | --- | --------- |   3 |        15 | --- | --------- | --- | --------- | --- | --------- | --- | --------- | --- | --------- | 
|  32229.110 |   3d7_b2F2 | --- | --------- | --- | --------- | --- | --------- |   5 |        46 |   5 |        35 | --- | --------- | --- | --------- | --- | --------- | --- | --------- | --- | --------- | 
---------------------------------------------------------------------------------------------------------------------------------------------------------------------------------------------------------------

Residuals:
 9136.6700 |  0.0041
 9757.6700 |  0.0696
 9765.2500 |  0.0032
 9767.2500 |  0.0117
13828.0600 |  0.0026
13898.1000 |  0.0459
19125.8400 |  0.0076
25876.7000 |  0.0175
27787.9700 |  0.0501
30539.6400 |  0.4637
30574.4300 |  0.2947
32041.8400 |  0.0804
32557.7100 |  0.0464
33276.4000 |  0.6344
38235.5600 |  0.9206
41403.6800 |  0.0264
43210.3100 |  0.0990
43523.9300 |  1.1788
47671.5300 |  1.3698
50566.4800 |  0.1058
55648.9500 |  0.2963
62168.3200 |  2.0783
------------------------------------------------------------------------------------------------------------

Summary:
Level = a3F4p_y4G3*, Lifetime = 2.7 ns, residual =,  2.108 %
--------------------------------------------------------------------------------------------------------------------------
| Wavenumber | L Level    | Weight | B. Fraction | Uncertainty | Trans. Prob. | Uncertainty |  Theoretical |  Pickering  |
--------------------------------------------------------------------------------------------------------------------------
|  61610.769 |   3d7_a4F3 |    316 |      6.905% |        5.4% |       25.575 |         11% |       25.474 |   19.9  14% |
|  61202.909 |   3d7_a4F2 |   1504 |     13.100% |        2.6% |       48.518 |         10% |       49.064 |   38.5  14% |
|  48196.251 |   3d7_a2G4 |    200 |      1.262% |        7.1% |        4.676 |         12% |        2.675 |    2.30 17% |
|  43235.083 |   3d7_a2H4 |     12 |      0.366% |       28.8% |        1.356 |         30% |        0.474 |    0.93 18% |
|  42459.276 |  3H4s_a4H4 |   4440 |     21.707% |        1.8% |       80.396 |         10% |       89.727 |   81.3  12% |
|  42328.977 |  3H4s_a4H3 |   3156 |      6.954% |        2.2% |       25.755 |         10% |       21.215 |   24.0  12% |
|  41230.530 | a3F4s_b4F3 |   1049 |      1.622% |        3.4% |        6.007 |         11% |        5.695 |    6.55 15% |
|  41101.540 | a3F4s_b4F2 |   4440 |     38.970% |        1.6% |      144.332 |         10% |      164.435 |  157.0  12% |
|  38059.277 |  3G4s_a4G3 |     21 |      0.602% |       21.6% |        2.229 |         24% |        0.869 |    1.94 15% |
|  37688.119 |  3H4s_b2H4 |    192 |      1.121% |        7.3% |        4.153 |         12% |        3.243 |    4.45 13% |
|  36725.970 | a3F4s_a2F3 |    870 |      2.528% |        3.6% |        9.363 |         11% |        8.710 |   14.2  12% |
|  36420.507 | a3F4s_a2F2 |     42 |      0.620% |       15.3% |        2.297 |         18% |        2.764 |    3.62 13% |
|  33652.348 |  3G4s_b2G4 |      6 |      0.598% |       42.0% |        2.214 |         43% |        2.384 |    4.15 13% |
|  32229.110 |   3d7_b2F2 |     32 |      1.581% |       17.4% |        5.855 |         20% |        0.233 |    0.91 26% |
--------------------------------------------------------------------------------------------------------------------------

