Log file name set to y4G4.log

ID'd lines file selected: FeII.GN

Upper level: a3F4p_y4G4*
Lifetime of upper level: 2.7 ns

Identified transitions from upper level a3F4p_y4G4*:
--------------------------------------------------------------------------------------
| Wavenumber | L Conf         | U Conf         | Notes           |
--------------------------------------------------------------------------------------
|   9675.147 |       d5s2_b4G4 |     a3F4p_y4G4*  |
|  31038.910 |       1I4s_a2I5 |     a3F4p_y4G4*  |
|  31949.710 |        3d7_b2F3 |     a3F4p_y4G4*  |
|  33184.380 |       3G4s_b2G3 |     a3F4p_y4G4*  |
|  33560.230 |       3G4s_b2G4 |     a3F4p_y4G4*  |
|  36633.887 |      a3F4s_a2F3 |     a3F4p_y4G4*  |
|  37596.060 |       3H4s_b2H4 |     a3F4p_y4G4*  |
|  37778.598 |       3H4s_b2H5 |     a3F4p_y4G4*  |
|  37967.120 |       3G4s_a4G3 |     a3F4p_y4G4*  |
|  38143.400 |       3G4s_a4G4 |     a3F4p_y4G4*  |
|  38520.024 |       3G4s_a4G5 |     a3F4p_y4G4*  |
|  41138.457 |      a3F4s_b4F3 |     a3F4p_y4G4*  |
|  41311.581 |      a3F4s_b4F4 |     a3F4p_y4G4*  |
|  42367.188 |       3H4s_a4H4 |     a3F4p_y4G4*  |
|  42518.447 |       3H4s_a4H5 |     a3F4p_y4G4*  |
|  43608.562 |        3d7_a2H5 |     a3F4p_y4G4*  |
|  48104.141 |        3d7_a2G4 |     a3F4p_y4G4*  |
|  55993.530 |       5D4s_a4D3 |     a3F4p_y4G4*  |
|  61518.664 |        3d7_a4F3 |     a3F4p_y4G4*  |
|  62076.218 |        3d7_a4F4 |     a3F4p_y4G4*  |
--------------------------------------------------------------------------------------

SNRs and intensities of observed transitions from upper level a3F4p_y4G4*:
---------------------------------------------------------------------------------------------------------------------------------------------------------------------------------------------------------------
| File Name:              |  Fe011720b.003  |  Fe042222a.001  |  Fe042122a.008  |  Fe112519a.007  |  Fe112519a.012  |  Fe042222b.001  |  Fe011720a.003  |  Fe112519b.012  |  Fe042122b.008  |  Fe112519b.007  | 
---------------------------------------------------------------------------------------------------------------------------------------------------------------------------------------------------------------
| Wavenumber | L Level    | SNR | Intensity | SNR | Intensity | SNR | Intensity | SNR | Intensity | SNR | Intensity | SNR | Intensity | SNR | Intensity | SNR | Intensity | SNR | Intensity | SNR | Intensity | 
---------------------------------------------------------------------------------------------------------------------------------------------------------------------------------------------------------------
|  62076.218 |   3d7_a4F4 | --- | --------- | --- | --------- | --- | --------- | --- | --------- | --- | --------- |  16 |      3534 | --- | --------- |   9 |      8686 |   3 |     22950 |   6 |      6440 | 
|  61518.664 |   3d7_a4F3 |   6 |     37990 | --- | --------- | --- | --------- | --- | --------- | --- | --------- |  43 |      7601 | --- | --------- |  21 |     17880 |   7 |     34610 |  13 |     14350 | 
|  48104.141 |   3d7_a2G4 |   7 |      4001 |   5 |      3355 | --- | --------- | --- | --------- |   2 |       899 |   9 |       602 |   7 |      7352 | --- | --------- |   5 |      2363 | --- | --------- | 
|  43608.562 |   3d7_a2H5 | --- | --------- |   4 |      1312 |   3 |       691 | --- | --------- | --- | --------- | --- | --------- | --- | --------- | --- | --------- | --- | --------- | --- | --------- | 
|  42518.447 |  3H4s_a4H5 | 219 |     50840 | 171 |     57070 | 103 |     33390 |  24 |      9895 |  41 |     15940 |  34 |     10650 | 297 |     74530 | --- | --------- | 147 |     50770 | --- | --------- | 
|  42367.188 |  3H4s_a4H4 |  68 |     15960 |  50 |     16610 |  33 |     11330 |   8 |      3000 |  14 |      5387 |  11 |      3516 |  95 |     24160 | --- | --------- |  44 |     15180 | --- | --------- | 
|  41311.581 | a3F4s_b4F4 |  11 |      2726 |   4 |      1207 |   3 |       687 | --- | --------- |   2 |      1246 | --- | --------- |  19 |      3558 | --- | --------- | --- | --------- | --- | --------- | 
|  41138.457 | a3F4s_b4F3 | 561 |    118600 | 426 |    147900 | 251 |     82520 |  70 |     24980 | 114 |     39880 |  84 |     26800 | 811 |    176900 | --- | --------- | 341 |    123700 | --- | --------- | 
|  38520.024 |  3G4s_a4G5 |   3 |       534 | --- | --------- | --- | --------- | --- | --------- |   2 |       327 | --- | --------- | --- | --------- | --- | --------- | --- | --------- | --- | --------- | 
|  37778.598 |  3H4s_b2H5 |   4 |       691 |   4 |      1672 |   3 |       914 | --- | --------- | --- | --------- | --- | --------- |   6 |       869 | --- | --------- | --- | --------- | --- | --------- | 
|  36633.887 | a3F4s_a2F3 |  20 |      5727 |  11 |      6909 |   7 |      3572 |   4 |      1184 |   7 |      1738 | --- | --------- |  29 |      7736 | --- | --------- |   9 |      5964 | --- | --------- | 
---------------------------------------------------------------------------------------------------------------------------------------------------------------------------------------------------------------

Normalizing each spectrum with respect to level a3F4s_b4F3 = 1000.
Normalized levels using level 3d7_a4F3 from spectrum Fe112519b.012.II
Normalized levels using level 3d7_a4F3 from spectrum Fe112519b.007.II

SNRs and intensities of observed transitions from upper level a3F4p_y4G4*:
---------------------------------------------------------------------------------------------------------------------------------------------------------------------------------------------------------------
| File Name:              |  Fe011720b.003  |  Fe042222a.001  |  Fe042122a.008  |  Fe112519a.007  |  Fe112519a.012  |  Fe042222b.001  |  Fe011720a.003  |  Fe112519b.012  |  Fe042122b.008  |  Fe112519b.007  | 
---------------------------------------------------------------------------------------------------------------------------------------------------------------------------------------------------------------
| Wavenumber | L Level    | SNR | Intensity | SNR | Intensity | SNR | Intensity | SNR | Intensity | SNR | Intensity | SNR | Intensity | SNR | Intensity | SNR | Intensity | SNR | Intensity | SNR | Intensity | 
---------------------------------------------------------------------------------------------------------------------------------------------------------------------------------------------------------------
|  62076.218 |   3d7_a4F4 | --- | --------- | --- | --------- | --- | --------- | --- | --------- | --- | --------- |  16 |       132 | --- | --------- |   9 |       139 |   3 |       186 |   6 |       129 | 
|  61518.664 |   3d7_a4F3 |   6 |       320 | --- | --------- | --- | --------- | --- | --------- | --- | --------- |  43 |       284 | --- | --------- |  21 |       287 |   7 |       280 |  13 |       287 | 
|  48104.141 |   3d7_a2G4 |   7 |        34 |   5 |        23 | --- | --------- | --- | --------- |   2 |        23 |   9 |        22 |   7 |        42 | --- | --------- |   5 |        19 | --- | --------- | 
|  43608.562 |   3d7_a2H5 | --- | --------- |   4 |         9 |   3 |         8 | --- | --------- | --- | --------- | --- | --------- | --- | --------- | --- | --------- | --- | --------- | --- | --------- | 
|  42518.447 |  3H4s_a4H5 | 219 |       429 | 171 |       386 | 103 |       405 |  24 |       396 |  41 |       400 |  34 |       397 | 297 |       421 | --- | --------- | 147 |       410 | --- | --------- | 
|  42367.188 |  3H4s_a4H4 |  68 |       135 |  50 |       112 |  33 |       137 |   8 |       120 |  14 |       135 |  11 |       131 |  95 |       137 | --- | --------- |  44 |       123 | --- | --------- | 
|  41311.581 | a3F4s_b4F4 |  11 |        23 |   4 |         8 |   3 |         8 | --- | --------- |   2 |        31 | --- | --------- |  19 |        20 | --- | --------- | --- | --------- | --- | --------- | 
|  41138.457 | a3F4s_b4F3 | 561 |      1000 | 426 |      1000 | 251 |      1000 |  70 |      1000 | 114 |      1000 |  84 |      1000 | 811 |      1000 | --- | --------- | 341 |      1000 | --- | --------- | 
|  38520.024 |  3G4s_a4G5 |   3 |         5 | --- | --------- | --- | --------- | --- | --------- |   2 |         8 | --- | --------- | --- | --------- | --- | --------- | --- | --------- | --- | --------- | 
|  37778.598 |  3H4s_b2H5 |   4 |         6 |   4 |        11 |   3 |        11 | --- | --------- | --- | --------- | --- | --------- |   6 |         5 | --- | --------- | --- | --------- | --- | --------- | 
|  36633.887 | a3F4s_a2F3 |  20 |        48 |  11 |        47 |   7 |        43 |   4 |        47 |   7 |        44 | --- | --------- |  29 |        44 | --- | --------- |   9 |        48 | --- | --------- | 
---------------------------------------------------------------------------------------------------------------------------------------------------------------------------------------------------------------

Residuals:
 3678.4500 |  0.0001
 9665.5700 |  0.0029
 9675.1500 |  0.0672
 9716.6000 |  0.0086
13760.9800 |  0.0406
30482.3300 |  0.3679
31038.8900 |  0.0307
31949.7400 |  0.1357
33560.2500 |  0.3892
37596.0200 |  0.2451
37967.1600 |  0.0357
38143.4600 |  0.0173
42236.8700 |  2.5530
43143.0200 |  0.0239
55993.4900 |  0.3524
------------------------------------------------------------------------------------------------------------

Summary:
Level = a3F4p_y4G4*, Lifetime = 2.7 ns, residual =,  1.153 %
-------------------------------------------------------------------------------------------------------------------------
| Wavenumber | L Level    | Weight | B. Fraction | Uncertainty | Trans. Prob. | Uncertainty |  Theoretical | Pickering  |
-------------------------------------------------------------------------------------------------------------------------
|  62076.218 |   3d7_a4F4 |    313 |      6.439% |        5.4% |       23.849 |         11% |       23.469 |  19.4  14% |
|  61518.664 |   3d7_a4F3 |   1536 |     13.681% |        2.4% |       50.669 |         10% |       50.061 |  40.4  13% |
|  48104.141 |   3d7_a2G4 |    300 |      1.341% |        5.8% |        4.966 |         12% |        3.545 |   2.84 15% |
|  43608.562 |   3d7_a2H5 |     30 |      0.416% |       18.2% |        1.542 |         21% |        0.713 |   0.84 14% |
|  42518.447 |  3H4s_a4H5 |   4440 |     19.342% |        1.6% |       71.636 |         10% |       75.208 |  71.9  12% |
|  42367.188 |  3H4s_a4H4 |   3215 |      6.156% |        2.0% |       22.799 |         10% |       24.086 |  22.5  12% |
|  41311.581 | a3F4s_b4F4 |    529 |      0.975% |        4.4% |        3.610 |         11% |        1.436 |   2.22 15% |
|  41138.457 | a3F4s_b4F3 |   4440 |     47.697% |        1.2% |      176.654 |         10% |      190.921 |  191.0 12% |
|  38520.024 |  3G4s_a4G5 |     11 |      0.250% |       30.6% |        0.927 |         32% |        1.463 |   0.17 17% |
|  37778.598 |  3H4s_b2H5 |     63 |      0.384% |       12.6% |        1.421 |         16% |        1.184 |   1.44 15% |
|  36633.887 | a3F4s_a2F3 |   1282 |      2.181% |        2.9% |        8.076 |         10% |        9.499 |  12.55 12% |
-------------------------------------------------------------------------------------------------------------------------

Note that Sikstrom lifetime has uncertainty of 0.3 ns = 11%

